<testsuites id="" name="" tests="2" failures="0" skipped="0" errors="0" time="4.317469">
<testsuite name="endToEndTest.spec.ts" timestamp="2026-03-27T06:52:49.887Z" hostname="chromium" tests="2" failures="0" skipped="0" time="4.266" errors="0">
<testcase name="Test SwagLab Site End To End Test" classname="endToEndTest.spec.ts" time="2.908">
</testcase>
<testcase name="Checking the sample test 2 and verifying the agian dashboard" classname="endToEndTest.spec.ts" time="1.358">
</testcase>
</testsuite>
</testsuites>